yundd/build/outputs/logs/manifest-merger-debug-report.txt
-- Merging decision tree log ---
manifest
ADDED from src\main\AndroidManifest.xml:2:1-756:12
	package
		ADDED from src\main\AndroidManifest.xml:3:5-34
		INJECTED from src\main\AndroidManifest.xml
		INJECTED from src\main\AndroidManifest.xml
	android:versionName
		ADDED from src\main\AndroidManifest.xml:5:5-32
		INJECTED from src\main\AndroidManifest.xml
		INJECTED from src\main\AndroidManifest.xml
	android:versionCode
		ADDED from src\main\AndroidManifest.xml:4:5-31
		INJECTED from src\main\AndroidManifest.xml
		INJECTED from src\main\AndroidManifest.xml
	xmlns:android
		ADDED from src\main\AndroidManifest.xml:2:11-69
uses-sdk
ADDED from src\main\AndroidManifest.xml:11:5-13:41
MERGED from [com.android.support:multidex:1.0.1] AndroidManifest.xml:18:5-42
MERGED from [yundd:pullrefresh:unspecified] AndroidManifest.xml:7:5-9:40
MERGED from [com.android.support:appcompat-v7:23.0.0] AndroidManifest.xml:20:5-43
MERGED from [com.android.support:support-v4:23.0.0] AndroidManifest.xml:20:5-43
MERGED from [io.reactivex:rxandroid:1.2.0] AndroidManifest.xml:19:5-43
MERGED from [com.github.zhaokaiqiang.klog:library:1.6.0] AndroidManifest.xml:7:5-9:41
	android:targetSdkVersion
		ADDED from src\main\AndroidManifest.xml:13:9-38
		INJECTED from src\main\AndroidManifest.xml
		INJECTED from src\main\AndroidManifest.xml
	android:minSdkVersion
		ADDED from src\main\AndroidManifest.xml:12:9-35
		INJECTED from src\main\AndroidManifest.xml
		INJECTED from src\main\AndroidManifest.xml
uses-permission#android.permission.MOUNT_UNMOUNT_FILESYSTEMS
ADDED from src\main\AndroidManifest.xml:15:5-16:23
	android:name
		ADDED from src\main\AndroidManifest.xml:15:22-81
uses-permission#android.permission.READ_EXTERNAL_STORAGE
ADDED from src\main\AndroidManifest.xml:18:5-80
	android:name
		ADDED from src\main\AndroidManifest.xml:18:22-77
uses-permission#android.permission.INTERNET
ADDED from src\main\AndroidManifest.xml:20:5-67
	android:name
		ADDED from src\main\AndroidManifest.xml:20:22-64
uses-permission#android.permission.GET_PACKAGE_SIZE
ADDED from src\main\AndroidManifest.xml:24:5-75
	android:name
		ADDED from src\main\AndroidManifest.xml:24:22-72
uses-permission#android.permission.WRITE_EXTERNAL_STORAGE
ADDED from src\main\AndroidManifest.xml:26:5-81
MERGED from [com.github.zhaokaiqiang.klog:library:1.6.0] AndroidManifest.xml:11:5-81
	android:name
		ADDED from src\main\AndroidManifest.xml:26:22-78
uses-permission#android.permission.CAMERA
ADDED from src\main\AndroidManifest.xml:28:5-65
	android:name
		ADDED from src\main\AndroidManifest.xml:28:22-62
uses-permission#android.permission.RECORD_AUDIO
ADDED from src\main\AndroidManifest.xml:30:5-71
	android:name
		ADDED from src\main\AndroidManifest.xml:30:22-68
uses-permission#android.permission.ACCESS_NETWORK_STATE
ADDED from src\main\AndroidManifest.xml:32:5-79
	android:name
		ADDED from src\main\AndroidManifest.xml:32:22-76
uses-permission#android.permission.CHANGE_WIFI_STATE
ADDED from src\main\AndroidManifest.xml:34:5-76
	android:name
		ADDED from src\main\AndroidManifest.xml:34:22-73
uses-permission#android.permission.ACCESS_WIFI_STATE
ADDED from src\main\AndroidManifest.xml:36:5-76
	android:name
		ADDED from src\main\AndroidManifest.xml:36:22-73
uses-permission#android.permission.READ_PHONE_STATE
ADDED from src\main\AndroidManifest.xml:38:5-75
	android:name
		ADDED from src\main\AndroidManifest.xml:38:22-72
application
ADDED from src\main\AndroidManifest.xml:40:5-754:19
MERGED from [yundd:pullrefresh:unspecified] AndroidManifest.xml:11:5-20
MERGED from [com.android.support:appcompat-v7:23.0.0] AndroidManifest.xml:22:5-20
MERGED from [com.android.support:support-v4:23.0.0] AndroidManifest.xml:22:5-20
	android:screenOrientation
		ADDED from src\main\AndroidManifest.xml:45:9-45
	android:label
		ADDED from src\main\AndroidManifest.xml:44:9-41
	android:allowBackup
		ADDED from src\main\AndroidManifest.xml:42:9-35
	android:icon
		ADDED from src\main\AndroidManifest.xml:43:9-39
	android:theme
		ADDED from src\main\AndroidManifest.xml:46:9-69
	android:name
		ADDED from src\main\AndroidManifest.xml:41:9-65
service#com.vomont.yundudao.conent.UpDataService
ADDED from src\main\AndroidManifest.xml:47:9-48:19
	android:name
		ADDED from src\main\AndroidManifest.xml:47:18-73
activity#com.vomont.yundudao.MainActivity
ADDED from src\main\AndroidManifest.xml:51:9-60:20
	android:screenOrientation
		ADDED from src\main\AndroidManifest.xml:53:13-49
	android:theme
		ADDED from src\main\AndroidManifest.xml:54:13-66
	android:name
		ADDED from src\main\AndroidManifest.xml:52:13-41
intent-filter#android.intent.action.MAIN+android.intent.category.LAUNCHER
ADDED from src\main\AndroidManifest.xml:55:13-59:29
action#android.intent.action.MAIN
ADDED from src\main\AndroidManifest.xml:56:17-69
	android:name
		ADDED from src\main\AndroidManifest.xml:56:25-66
category#android.intent.category.LAUNCHER
ADDED from src\main\AndroidManifest.xml:58:17-77
	android:name
		ADDED from src\main\AndroidManifest.xml:58:27-74
activity#com.vomont.yundudao.ui.RegisterActivity
ADDED from src\main\AndroidManifest.xml:63:9-73:20
	android:screenOrientation
		ADDED from src\main\AndroidManifest.xml:66:13-49
	android:launchMode
		ADDED from src\main\AndroidManifest.xml:65:13-44
	android:theme
		ADDED from src\main\AndroidManifest.xml:67:13-66
	android:name
		ADDED from src\main\AndroidManifest.xml:64:13-67
intent-filter#android.intent.action.registeractivity+android.intent.category.DEFAULT
ADDED from src\main\AndroidManifest.xml:68:13-72:29
action#android.intent.action.registeractivity
ADDED from src\main\AndroidManifest.xml:69:17-81
	android:name
		ADDED from src\main\AndroidManifest.xml:69:25-78
category#android.intent.category.DEFAULT
ADDED from src\main\AndroidManifest.xml:71:17-76
	android:name
		ADDED from src\main\AndroidManifest.xml:71:27-73
activity#com.vomont.yundudao.ui.verification.VerificationNumActivity
ADDED from src\main\AndroidManifest.xml:75:9-85:20
	android:screenOrientation
		ADDED from src\main\AndroidManifest.xml:78:13-49
	android:launchMode
		ADDED from src\main\AndroidManifest.xml:77:13-44
	android:theme
		ADDED from src\main\AndroidManifest.xml:79:13-66
	android:name
		ADDED from src\main\AndroidManifest.xml:76:13-87
intent-filter#android.intent.action.registernumactivity+android.intent.category.DEFAULT
ADDED from src\main\AndroidManifest.xml:80:13-84:29
action#android.intent.action.registernumactivity
ADDED from src\main\AndroidManifest.xml:81:17-84
	android:name
		ADDED from src\main\AndroidManifest.xml:81:25-81
activity#com.vomont.yundudao.ui.verification.VerificationActivity
ADDED from src\main\AndroidManifest.xml:87:9-97:20
	android:screenOrientation
		ADDED from src\main\AndroidManifest.xml:90:13-49
	android:launchMode
		ADDED from src\main\AndroidManifest.xml:89:13-44
	android:theme
		ADDED from src\main\AndroidManifest.xml:91:13-66
	android:name
		ADDED from src\main\AndroidManifest.xml:88:13-84
intent-filter#android.intent.action.verificationactivity+android.intent.category.DEFAULT
ADDED from src\main\AndroidManifest.xml:92:13-96:29
action#android.intent.action.verificationactivity
ADDED from src\main\AndroidManifest.xml:93:17-85
	android:name
		ADDED from src\main\AndroidManifest.xml:93:25-82
activity#com.vomont.yundudao.ui.verification.NewPsdActivity
ADDED from src\main\AndroidManifest.xml:100:9-110:20
	android:screenOrientation
		ADDED from src\main\AndroidManifest.xml:103:13-49
	android:launchMode
		ADDED from src\main\AndroidManifest.xml:102:13-44
	android:theme
		ADDED from src\main\AndroidManifest.xml:104:13-66
	android:name
		ADDED from src\main\AndroidManifest.xml:101:13-78
intent-filter#android.intent.action.newpsdactivity+android.intent.category.DEFAULT
ADDED from src\main\AndroidManifest.xml:105:13-109:29
action#android.intent.action.newpsdactivity
ADDED from src\main\AndroidManifest.xml:106:17-79
	android:name
		ADDED from src\main\AndroidManifest.xml:106:25-76
activity#com.vomont.yundudao.ui.home.HomeActivity
ADDED from src\main\AndroidManifest.xml:112:9-125:20
	android:screenOrientation
		ADDED from src\main\AndroidManifest.xml:116:13-49
	android:launchMode
		ADDED from src\main\AndroidManifest.xml:115:13-44
	android:configChanges
		ADDED from src\main\AndroidManifest.xml:114:13-74
	android:theme
		ADDED from src\main\AndroidManifest.xml:117:13-66
	android:name
		ADDED from src\main\AndroidManifest.xml:113:13-68
intent-filter#android.intent.action.homeactivity+android.intent.category.DEFAULT
ADDED from src\main\AndroidManifest.xml:118:13-124:29
action#android.intent.action.homeactivity
ADDED from src\main\AndroidManifest.xml:121:17-77
	android:name
		ADDED from src\main\AndroidManifest.xml:121:25-74
activity#com.vomont.yundudao.ui.personalcenter.ChangePsdActivity
ADDED from src\main\AndroidManifest.xml:127:9-138:20
	android:screenOrientation
		ADDED from src\main\AndroidManifest.xml:131:13-49
	android:launchMode
		ADDED from src\main\AndroidManifest.xml:130:13-44
	android:configChanges
		ADDED from src\main\AndroidManifest.xml:129:13-74
	android:theme
		ADDED from src\main\AndroidManifest.xml:132:13-66
	android:name
		ADDED from src\main\AndroidManifest.xml:128:13-83
intent-filter#android.intent.action.changepsdactivity+android.intent.category.DEFAULT
ADDED from src\main\AndroidManifest.xml:133:13-137:29
action#android.intent.action.changepsdactivity
ADDED from src\main\AndroidManifest.xml:134:17-82
	android:name
		ADDED from src\main\AndroidManifest.xml:134:25-79
activity#com.vomont.yundudao.ui.personalcenter.SettingActivity
ADDED from src\main\AndroidManifest.xml:140:9-151:20
	android:screenOrientation
		ADDED from src\main\AndroidManifest.xml:144:13-49
	android:launchMode
		ADDED from src\main\AndroidManifest.xml:143:13-44
	android:configChanges
		ADDED from src\main\AndroidManifest.xml:142:13-74
	android:theme
		ADDED from src\main\AndroidManifest.xml:145:13-66
	android:name
		ADDED from src\main\AndroidManifest.xml:141:13-81
intent-filter#android.intent.action.settingactivity+android.intent.category.DEFAULT
ADDED from src\main\AndroidManifest.xml:146:13-150:29
action#android.intent.action.settingactivity
ADDED from src\main\AndroidManifest.xml:147:17-80
	android:name
		ADDED from src\main\AndroidManifest.xml:147:25-77
activity#com.vomont.yundudao.ui.personalcenter.SettingMsgActivity
ADDED from src\main\AndroidManifest.xml:153:9-164:20
	android:screenOrientation
		ADDED from src\main\AndroidManifest.xml:157:13-49
	android:launchMode
		ADDED from src\main\AndroidManifest.xml:156:13-44
	android:configChanges
		ADDED from src\main\AndroidManifest.xml:155:13-74
	android:theme
		ADDED from src\main\AndroidManifest.xml:158:13-66
	android:name
		ADDED from src\main\AndroidManifest.xml:154:13-84
intent-filter#android.intent.action.settingmsgactivity+android.intent.category.DEFAULT
ADDED from src\main\AndroidManifest.xml:159:13-163:29
action#android.intent.action.settingmsgactivity
ADDED from src\main\AndroidManifest.xml:160:17-83
	android:name
		ADDED from src\main\AndroidManifest.xml:160:25-80
activity#com.vomont.yundudao.ui.ip.SetIpActivity
ADDED from src\main\AndroidManifest.xml:167:9-177:20
	android:screenOrientation
		ADDED from src\main\AndroidManifest.xml:170:13-49
	android:configChanges
		ADDED from src\main\AndroidManifest.xml:169:13-74
	android:theme
		ADDED from src\main\AndroidManifest.xml:171:13-66
	android:name
		ADDED from src\main\AndroidManifest.xml:168:13-67
intent-filter#android.intent.action.setipactivity+android.intent.category.DEFAULT
ADDED from src\main\AndroidManifest.xml:172:13-176:29
action#android.intent.action.setipactivity
ADDED from src\main\AndroidManifest.xml:173:17-78
	android:name
		ADDED from src\main\AndroidManifest.xml:173:25-75
activity#com.vomont.yundudao.ui.personalcenter.AboutActivity
ADDED from src\main\AndroidManifest.xml:180:9-191:20
	android:screenOrientation
		ADDED from src\main\AndroidManifest.xml:184:13-49
	android:launchMode
		ADDED from src\main\AndroidManifest.xml:183:13-44
	android:configChanges
		ADDED from src\main\AndroidManifest.xml:182:13-74
	android:theme
		ADDED from src\main\AndroidManifest.xml:185:13-66
	android:name
		ADDED from src\main\AndroidManifest.xml:181:13-79
intent-filter#android.intent.action.aboutactivity+android.intent.category.DEFAULT
ADDED from src\main\AndroidManifest.xml:186:13-190:29
action#android.intent.action.aboutactivity
ADDED from src\main\AndroidManifest.xml:187:17-78
	android:name
		ADDED from src\main\AndroidManifest.xml:187:25-75
activity#com.vomont.yundudao.ui.message.MsgListActivity
ADDED from src\main\AndroidManifest.xml:193:9-204:20
	android:screenOrientation
		ADDED from src\main\AndroidManifest.xml:197:13-49
	android:launchMode
		ADDED from src\main\AndroidManifest.xml:196:13-44
	android:configChanges
		ADDED from src\main\AndroidManifest.xml:195:13-74
	android:theme
		ADDED from src\main\AndroidManifest.xml:198:13-66
	android:name
		ADDED from src\main\AndroidManifest.xml:194:13-74
intent-filter#android.intent.action.msgListactivity+android.intent.category.DEFAULT
ADDED from src\main\AndroidManifest.xml:199:13-203:29
action#android.intent.action.msgListactivity
ADDED from src\main\AndroidManifest.xml:200:17-80
	android:name
		ADDED from src\main\AndroidManifest.xml:200:25-77
activity#com.vomont.yundudao.ui.factory.FactoryActivity
ADDED from src\main\AndroidManifest.xml:206:9-218:20
	android:screenOrientation
		ADDED from src\main\AndroidManifest.xml:210:13-49
	android:launchMode
		ADDED from src\main\AndroidManifest.xml:209:13-44
	android:windowSoftInputMode
		ADDED from src\main\AndroidManifest.xml:212:13-64
	android:configChanges
		ADDED from src\main\AndroidManifest.xml:208:13-74
	android:theme
		ADDED from src\main\AndroidManifest.xml:211:13-66
	android:name
		ADDED from src\main\AndroidManifest.xml:207:13-74
intent-filter#android.intent.action.factoryactivity+android.intent.category.DEFAULT
ADDED from src\main\AndroidManifest.xml:213:13-217:29
action#android.intent.action.factoryactivity
ADDED from src\main\AndroidManifest.xml:214:17-80
	android:name
		ADDED from src\main\AndroidManifest.xml:214:25-77
activity#com.vomont.yundudao.ui.message.MsgAllActivity
ADDED from src\main\AndroidManifest.xml:220:9-231:20
	android:screenOrientation
		ADDED from src\main\AndroidManifest.xml:224:13-49
	android:launchMode
		ADDED from src\main\AndroidManifest.xml:223:13-44
	android:configChanges
		ADDED from src\main\AndroidManifest.xml:222:13-74
	android:theme
		ADDED from src\main\AndroidManifest.xml:225:13-66
	android:name
		ADDED from src\main\AndroidManifest.xml:221:13-73
intent-filter#android.intent.action.msgallactivity+android.intent.category.DEFAULT
ADDED from src\main\AndroidManifest.xml:226:13-230:29
action#android.intent.action.msgallactivity
ADDED from src\main\AndroidManifest.xml:227:17-79
	android:name
		ADDED from src\main\AndroidManifest.xml:227:25-76
activity#com.vomont.yundudao.ui.factory.VedioFactoryActivity
ADDED from src\main\AndroidManifest.xml:233:9-243:20
	android:launchMode
		ADDED from src\main\AndroidManifest.xml:236:13-44
	android:configChanges
		ADDED from src\main\AndroidManifest.xml:235:13-59
	android:theme
		ADDED from src\main\AndroidManifest.xml:237:13-66
	android:name
		ADDED from src\main\AndroidManifest.xml:234:13-79
intent-filter#android.intent.action.vediofactoryactivity+android.intent.category.DEFAULT
ADDED from src\main\AndroidManifest.xml:238:13-242:29
action#android.intent.action.vediofactoryactivity
ADDED from src\main\AndroidManifest.xml:239:17-85
	android:name
		ADDED from src\main\AndroidManifest.xml:239:25-82
activity#com.vomont.yundudao.ui.factory.PlayBackActivity
ADDED from src\main\AndroidManifest.xml:244:9-254:20
	android:launchMode
		ADDED from src\main\AndroidManifest.xml:247:13-44
	android:configChanges
		ADDED from src\main\AndroidManifest.xml:246:13-59
	android:theme
		ADDED from src\main\AndroidManifest.xml:248:13-66
	android:name
		ADDED from src\main\AndroidManifest.xml:245:13-75
intent-filter#android.intent.action.PlayBackActivity+android.intent.category.DEFAULT
ADDED from src\main\AndroidManifest.xml:249:13-253:29
action#android.intent.action.PlayBackActivity
ADDED from src\main\AndroidManifest.xml:250:17-81
	android:name
		ADDED from src\main\AndroidManifest.xml:250:25-78
activity#com.vomont.yundudao.ui.pic.AllPicActivity
ADDED from src\main\AndroidManifest.xml:257:9-268:20
	android:screenOrientation
		ADDED from src\main\AndroidManifest.xml:261:13-49
	android:launchMode
		ADDED from src\main\AndroidManifest.xml:260:13-44
	android:configChanges
		ADDED from src\main\AndroidManifest.xml:259:13-74
	android:theme
		ADDED from src\main\AndroidManifest.xml:262:13-66
	android:name
		ADDED from src\main\AndroidManifest.xml:258:13-69
intent-filter#android.intent.action.allpicactivity+android.intent.category.DEFAULT
ADDED from src\main\AndroidManifest.xml:263:13-267:29
action#android.intent.action.allpicactivity
ADDED from src\main\AndroidManifest.xml:264:17-79
	android:name
		ADDED from src\main\AndroidManifest.xml:264:25-76
activity#com.vomont.yundudao.ui.pic.PicCenterActivity
ADDED from src\main\AndroidManifest.xml:270:9-276:20
	android:screenOrientation
		ADDED from src\main\AndroidManifest.xml:274:13-49
	android:launchMode
		ADDED from src\main\AndroidManifest.xml:273:13-44
	android:configChanges
		ADDED from src\main\AndroidManifest.xml:272:13-74
	android:theme
		ADDED from src\main\AndroidManifest.xml:275:13-66
	android:name
		ADDED from src\main\AndroidManifest.xml:271:13-72
activity#com.vomont.yundudao.ui.pic.SelectPicPopupWindow
ADDED from src\main\AndroidManifest.xml:278:9-289:20
	android:screenOrientation
		ADDED from src\main\AndroidManifest.xml:282:13-49
	android:launchMode
		ADDED from src\main\AndroidManifest.xml:281:13-44
	android:configChanges
		ADDED from src\main\AndroidManifest.xml:280:13-74
	android:theme
		ADDED from src\main\AndroidManifest.xml:283:13-55
	android:name
		ADDED from src\main\AndroidManifest.xml:279:13-75
intent-filter#android.intent.action.selectpicpopupwindow+android.intent.category.DEFAULT
ADDED from src\main\AndroidManifest.xml:284:13-288:29
action#android.intent.action.selectpicpopupwindow
ADDED from src\main\AndroidManifest.xml:285:17-85
	android:name
		ADDED from src\main\AndroidManifest.xml:285:25-82
activity#com.vomont.yundudao.ui.createproblem.CreateProblemActivity
ADDED from src\main\AndroidManifest.xml:292:9-304:20
	android:screenOrientation
		ADDED from src\main\AndroidManifest.xml:296:13-49
	android:launchMode
		ADDED from src\main\AndroidManifest.xml:295:13-44
	android:windowSoftInputMode
		ADDED from src\main\AndroidManifest.xml:298:13-72
	android:configChanges
		ADDED from src\main\AndroidManifest.xml:294:13-74
	android:theme
		ADDED from src\main\AndroidManifest.xml:297:13-66
	android:name
		ADDED from src\main\AndroidManifest.xml:293:13-86
intent-filter#android.intent.action.createproblemactivity+android.intent.category.DEFAULT
ADDED from src\main\AndroidManifest.xml:299:13-303:29
action#android.intent.action.createproblemactivity
ADDED from src\main\AndroidManifest.xml:300:17-86
	android:name
		ADDED from src\main\AndroidManifest.xml:300:25-83
activity#com.vomont.yundudao.ui.createproblem.ProblemDetailActivity
ADDED from src\main\AndroidManifest.xml:307:9-318:20
	android:screenOrientation
		ADDED from src\main\AndroidManifest.xml:311:13-49
	android:launchMode
		ADDED from src\main\AndroidManifest.xml:310:13-44
	android:configChanges
		ADDED from src\main\AndroidManifest.xml:309:13-74
	android:theme
		ADDED from src\main\AndroidManifest.xml:312:13-66
	android:name
		ADDED from src\main\AndroidManifest.xml:308:13-86
intent-filter#android.intent.action.problemdetailactivity+android.intent.category.DEFAULT
ADDED from src\main\AndroidManifest.xml:313:13-317:29
action#android.intent.action.problemdetailactivity
ADDED from src\main\AndroidManifest.xml:314:17-86
	android:name
		ADDED from src\main\AndroidManifest.xml:314:25-83
activity#com.vomont.yundudao.ui.createproblem.ProblemImageChangeActivity
ADDED from src\main\AndroidManifest.xml:320:9-329:20
	android:screenOrientation
		ADDED from src\main\AndroidManifest.xml:322:13-49
	android:theme
		ADDED from src\main\AndroidManifest.xml:323:13-66
	android:name
		ADDED from src\main\AndroidManifest.xml:321:13-91
intent-filter#android.intent.action.problemimagechangeactivity+android.intent.category.DEFAULT
ADDED from src\main\AndroidManifest.xml:324:13-328:29
action#android.intent.action.problemimagechangeactivity
ADDED from src\main\AndroidManifest.xml:325:17-91
	android:name
		ADDED from src\main\AndroidManifest.xml:325:25-88
activity#com.vomont.yundudao.ui.createproblem.SelectTagActivity
ADDED from src\main\AndroidManifest.xml:331:9-340:20
	android:screenOrientation
		ADDED from src\main\AndroidManifest.xml:333:13-49
	android:theme
		ADDED from src\main\AndroidManifest.xml:334:13-66
	android:name
		ADDED from src\main\AndroidManifest.xml:332:13-82
intent-filter#android.intent.action.selecttagactivity+android.intent.category.DEFAULT
ADDED from src\main\AndroidManifest.xml:335:13-339:29
action#android.intent.action.selecttagactivity
ADDED from src\main\AndroidManifest.xml:336:17-82
	android:name
		ADDED from src\main\AndroidManifest.xml:336:25-79
activity#com.vomont.yundudao.ui.createproblem.SelectDeviceActivity
ADDED from src\main\AndroidManifest.xml:342:9-351:20
	android:screenOrientation
		ADDED from src\main\AndroidManifest.xml:344:13-49
	android:theme
		ADDED from src\main\AndroidManifest.xml:345:13-66
	android:name
		ADDED from src\main\AndroidManifest.xml:343:13-85
intent-filter#android.intent.action.selectdeviceactivity+android.intent.category.DEFAULT
ADDED from src\main\AndroidManifest.xml:346:13-350:29
action#android.intent.action.selectdeviceactivity
ADDED from src\main\AndroidManifest.xml:347:17-85
	android:name
		ADDED from src\main\AndroidManifest.xml:347:25-82
activity#com.vomont.yundudao.ui.createproblem.SelectDealActivity
ADDED from src\main\AndroidManifest.xml:353:9-364:20
	android:screenOrientation
		ADDED from src\main\AndroidManifest.xml:356:13-49
	android:windowSoftInputMode
		ADDED from src\main\AndroidManifest.xml:358:13-64
	android:configChanges
		ADDED from src\main\AndroidManifest.xml:355:13-74
	android:theme
		ADDED from src\main\AndroidManifest.xml:357:13-66
	android:name
		ADDED from src\main\AndroidManifest.xml:354:13-83
intent-filter#android.intent.action.selectdealactivity+android.intent.category.DEFAULT
ADDED from src\main\AndroidManifest.xml:359:13-363:29
action#android.intent.action.selectdealactivity
ADDED from src\main\AndroidManifest.xml:360:17-83
	android:name
		ADDED from src\main\AndroidManifest.xml:360:25-80
activity#com.vomont.yundudao.ui.createproblem.SeclectCopyActivity
ADDED from src\main\AndroidManifest.xml:366:9-377:20
	android:screenOrientation
		ADDED from src\main\AndroidManifest.xml:369:13-49
	android:windowSoftInputMode
		ADDED from src\main\AndroidManifest.xml:371:13-64
	android:configChanges
		ADDED from src\main\AndroidManifest.xml:368:13-74
	android:theme
		ADDED from src\main\AndroidManifest.xml:370:13-66
	android:name
		ADDED from src\main\AndroidManifest.xml:367:13-84
intent-filter#android.intent.action.selectcopyactivity+android.intent.category.DEFAULT
ADDED from src\main\AndroidManifest.xml:372:13-376:29
action#android.intent.action.selectcopyactivity
ADDED from src\main\AndroidManifest.xml:373:17-83
	android:name
		ADDED from src\main\AndroidManifest.xml:373:25-80
activity#com.vomont.yundudao.ui.createproblem.CenterProblemActivity
ADDED from src\main\AndroidManifest.xml:380:9-391:20
	android:screenOrientation
		ADDED from src\main\AndroidManifest.xml:383:13-49
	android:windowSoftInputMode
		ADDED from src\main\AndroidManifest.xml:385:13-64
	android:configChanges
		ADDED from src\main\AndroidManifest.xml:382:13-74
	android:theme
		ADDED from src\main\AndroidManifest.xml:384:13-66
	android:name
		ADDED from src\main\AndroidManifest.xml:381:13-86
intent-filter#android.intent.action.centerproblemactivity+android.intent.category.DEFAULT
ADDED from src\main\AndroidManifest.xml:386:13-390:29
action#android.intent.action.centerproblemactivity
ADDED from src\main\AndroidManifest.xml:387:17-86
	android:name
		ADDED from src\main\AndroidManifest.xml:387:25-83
activity#com.vomont.yundudao.ui.createproblem.ProblemHandleActivity
ADDED from src\main\AndroidManifest.xml:394:9-404:20
	android:screenOrientation
		ADDED from src\main\AndroidManifest.xml:397:13-49
	android:configChanges
		ADDED from src\main\AndroidManifest.xml:396:13-74
	android:theme
		ADDED from src\main\AndroidManifest.xml:398:13-66
	android:name
		ADDED from src\main\AndroidManifest.xml:395:13-86
intent-filter#android.intent.action.problemHandleactivity+android.intent.category.DEFAULT
ADDED from src\main\AndroidManifest.xml:399:13-403:29
action#android.intent.action.problemHandleactivity
ADDED from src\main\AndroidManifest.xml:400:17-86
	android:name
		ADDED from src\main\AndroidManifest.xml:400:25-83
activity#com.vomont.yundudao.ui.patrol.PatrolListActivity
ADDED from src\main\AndroidManifest.xml:406:9-416:20
	android:screenOrientation
		ADDED from src\main\AndroidManifest.xml:409:13-49
	android:configChanges
		ADDED from src\main\AndroidManifest.xml:408:13-74
	android:theme
		ADDED from src\main\AndroidManifest.xml:410:13-66
	android:name
		ADDED from src\main\AndroidManifest.xml:407:13-76
intent-filter#android.intent.action.patrollistactivity+android.intent.category.DEFAULT
ADDED from src\main\AndroidManifest.xml:411:13-415:29
action#android.intent.action.patrollistactivity
ADDED from src\main\AndroidManifest.xml:412:17-83
	android:name
		ADDED from src\main\AndroidManifest.xml:412:25-80
activity#com.vomont.yundudao.ui.patrol.PatrolLoadVedioActivity
ADDED from src\main\AndroidManifest.xml:418:9-429:20
	android:screenOrientation
		ADDED from src\main\AndroidManifest.xml:422:13-49
	android:launchMode
		ADDED from src\main\AndroidManifest.xml:421:13-44
	android:configChanges
		ADDED from src\main\AndroidManifest.xml:420:13-74
	android:theme
		ADDED from src\main\AndroidManifest.xml:423:13-66
	android:name
		ADDED from src\main\AndroidManifest.xml:419:13-81
intent-filter#android.intent.action.patrolloadvedioactivity+android.intent.category.DEFAULT
ADDED from src\main\AndroidManifest.xml:424:13-428:29
action#android.intent.action.patrolloadvedioactivity
ADDED from src\main\AndroidManifest.xml:425:17-88
	android:name
		ADDED from src\main\AndroidManifest.xml:425:25-85
activity#com.vomont.yundudao.ui.patrol.MediaActivity
ADDED from src\main\AndroidManifest.xml:432:9-443:20
	android:screenOrientation
		ADDED from src\main\AndroidManifest.xml:436:13-49
	android:launchMode
		ADDED from src\main\AndroidManifest.xml:435:13-44
	android:configChanges
		ADDED from src\main\AndroidManifest.xml:434:13-74
	android:theme
		ADDED from src\main\AndroidManifest.xml:437:13-66
	android:name
		ADDED from src\main\AndroidManifest.xml:433:13-71
intent-filter#android.intent.action.mediaactivity+android.intent.category.DEFAULT
ADDED from src\main\AndroidManifest.xml:438:13-442:29
action#android.intent.action.mediaactivity
ADDED from src\main\AndroidManifest.xml:439:17-78
	android:name
		ADDED from src\main\AndroidManifest.xml:439:25-75
activity#com.vomont.yundudao.ui.patrol.VedioPlayActivity
ADDED from src\main\AndroidManifest.xml:444:9-455:20
	android:launchMode
		ADDED from src\main\AndroidManifest.xml:447:13-44
	android:windowSoftInputMode
		ADDED from src\main\AndroidManifest.xml:449:13-67
	android:configChanges
		ADDED from src\main\AndroidManifest.xml:446:13-74
	android:theme
		ADDED from src\main\AndroidManifest.xml:448:13-66
	android:name
		ADDED from src\main\AndroidManifest.xml:445:13-75
intent-filter#android.intent.action.vedioplayactivity+android.intent.category.DEFAULT
ADDED from src\main\AndroidManifest.xml:450:13-454:29
action#android.intent.action.vedioplayactivity
ADDED from src\main\AndroidManifest.xml:451:17-82
	android:name
		ADDED from src\main\AndroidManifest.xml:451:25-79
activity#com.vomont.yundudao.ui.patrol.PatrolDetailActivity
ADDED from src\main\AndroidManifest.xml:458:9-469:20
	android:screenOrientation
		ADDED from src\main\AndroidManifest.xml:462:13-49
	android:launchMode
		ADDED from src\main\AndroidManifest.xml:461:13-44
	android:configChanges
		ADDED from src\main\AndroidManifest.xml:460:13-74
	android:theme
		ADDED from src\main\AndroidManifest.xml:463:13-66
	android:name
		ADDED from src\main\AndroidManifest.xml:459:13-78
intent-filter#android.intent.action.patroldetailactivity+android.intent.category.DEFAULT
ADDED from src\main\AndroidManifest.xml:464:13-468:29
action#android.intent.action.patroldetailactivity
ADDED from src\main\AndroidManifest.xml:465:17-85
	android:name
		ADDED from src\main\AndroidManifest.xml:465:25-82
activity#com.vomont.yundudao.ui.patrol.LookPeopleActivity
ADDED from src\main\AndroidManifest.xml:471:9-481:20
	android:screenOrientation
		ADDED from src\main\AndroidManifest.xml:474:13-49
	android:configChanges
		ADDED from src\main\AndroidManifest.xml:473:13-74
	android:theme
		ADDED from src\main\AndroidManifest.xml:475:13-66
	android:name
		ADDED from src\main\AndroidManifest.xml:472:13-76
intent-filter#android.intent.action.lookpeopleactivity+android.intent.category.DEFAULT
ADDED from src\main\AndroidManifest.xml:476:13-480:29
action#android.intent.action.lookpeopleactivity
ADDED from src\main\AndroidManifest.xml:477:17-83
	android:name
		ADDED from src\main\AndroidManifest.xml:477:25-80
activity#com.vomont.yundudao.ui.patrol.SelectSubActivity
ADDED from src\main\AndroidManifest.xml:483:9-493:20
	android:screenOrientation
		ADDED from src\main\AndroidManifest.xml:486:13-49
	android:configChanges
		ADDED from src\main\AndroidManifest.xml:485:13-74
	android:theme
		ADDED from src\main\AndroidManifest.xml:487:13-66
	android:name
		ADDED from src\main\AndroidManifest.xml:484:13-75
intent-filter#android.intent.action.selectsubactivity+android.intent.category.DEFAULT
ADDED from src\main\AndroidManifest.xml:488:13-492:29